#! /usr/bin/vvp
:ivl_version "11.0 (stable)";
:ivl_delay_selection "TYPICAL";
:vpi_time_precision + 0;
:vpi_module "/usr/lib/x86_64-linux-gnu/ivl/system.vpi";
:vpi_module "/usr/lib/x86_64-linux-gnu/ivl/vhdl_sys.vpi";
:vpi_module "/usr/lib/x86_64-linux-gnu/ivl/vhdl_textio.vpi";
:vpi_module "/usr/lib/x86_64-linux-gnu/ivl/v2005_math.vpi";
:vpi_module "/usr/lib/x86_64-linux-gnu/ivl/va_math.vpi";
S_0x56057bc65a40 .scope module, "testbench" "testbench" 2 6;
 .timescale 0 0;
v0x56057bca9740_0 .net "CLK", 0 0, v0x56057bca8f90_0;  1 drivers
v0x56057bca9800_0 .net "P_IN", 31 0, v0x56057bca9030_0;  1 drivers
v0x56057bca98c0_0 .net "P_OUT", 31 0, v0x56057bca8130_0;  1 drivers
v0x56057bca9960_0 .net "P_VALID", 0 0, v0x56057bca8210_0;  1 drivers
v0x56057bca9a00_0 .net "RESET", 0 0, v0x56057bca92d0_0;  1 drivers
v0x56057bca9aa0_0 .net "S_IN", 0 0, v0x56057bca93c0_0;  1 drivers
v0x56057bca9b40_0 .net "S_OUT", 0 0, v0x56057bc64420_0;  1 drivers
v0x56057bca9be0_0 .net "S_START", 0 0, v0x56057bca9500_0;  1 drivers
S_0x56057bc65bd0 .scope module, "convertidorINST" "convertidor" 2 14, 3 4 0, S_0x56057bc65a40;
 .timescale 0 0;
    .port_info 0 /INPUT 1 "CLK";
    .port_info 1 /INPUT 1 "RESET";
    .port_info 2 /INPUT 1 "S_IN";
    .port_info 3 /INPUT 32 "P_IN";
    .port_info 4 /INPUT 1 "S_START";
    .port_info 5 /OUTPUT 1 "P_VALID";
    .port_info 6 /OUTPUT 32 "P_OUT";
    .port_info 7 /OUTPUT 1 "S_OUT";
v0x56057bca8670_0 .net "CLK", 0 0, v0x56057bca8f90_0;  alias, 1 drivers
v0x56057bca8730_0 .net "P_IN", 31 0, v0x56057bca9030_0;  alias, 1 drivers
v0x56057bca87f0_0 .net "P_OUT", 31 0, v0x56057bca8130_0;  alias, 1 drivers
v0x56057bca88f0_0 .net "P_VALID", 0 0, v0x56057bca8210_0;  alias, 1 drivers
v0x56057bca89c0_0 .net "RESET", 0 0, v0x56057bca92d0_0;  alias, 1 drivers
v0x56057bca8ab0_0 .net "S_IN", 0 0, v0x56057bca93c0_0;  alias, 1 drivers
v0x56057bca8ba0_0 .net "S_OUT", 0 0, v0x56057bc64420_0;  alias, 1 drivers
v0x56057bca8c40_0 .net "S_START", 0 0, v0x56057bca9500_0;  alias, 1 drivers
S_0x56057bc78b60 .scope module, "PS" "paraleloaserie" 3 24, 4 1 0, S_0x56057bc65bd0;
 .timescale 0 0;
    .port_info 0 /INPUT 1 "CLK";
    .port_info 1 /INPUT 1 "RESET";
    .port_info 2 /INPUT 32 "P_IN";
    .port_info 3 /INPUT 1 "S_START";
    .port_info 4 /OUTPUT 1 "S_OUT";
v0x56057bc31f30_0 .net "CLK", 0 0, v0x56057bca8f90_0;  alias, 1 drivers
v0x56057bc42f70_0 .net "P_IN", 31 0, v0x56057bca9030_0;  alias, 1 drivers
v0x56057bc64380_0 .net "RESET", 0 0, v0x56057bca92d0_0;  alias, 1 drivers
v0x56057bc64420_0 .var "S_OUT", 0 0;
v0x56057bca7400_0 .net "S_START", 0 0, v0x56057bca9500_0;  alias, 1 drivers
v0x56057bca7510_0 .var/i "cont", 31 0;
E_0x56057bc7c310 .event posedge, v0x56057bc31f30_0;
S_0x56057bca7690 .scope module, "SP" "serieaparalelo" 3 15, 5 2 0, S_0x56057bc65bd0;
 .timescale 0 0;
    .port_info 0 /INPUT 1 "CLK";
    .port_info 1 /INPUT 1 "RESET";
    .port_info 2 /INPUT 1 "S_IN";
    .port_info 3 /OUTPUT 32 "P_OUT";
    .port_info 4 /OUTPUT 1 "P_VALID";
v0x56057bca8020_0 .net "CLK", 0 0, v0x56057bca8f90_0;  alias, 1 drivers
v0x56057bca8130_0 .var "P_OUT", 31 0;
v0x56057bca8210_0 .var "P_VALID", 0 0;
v0x56057bca82b0_0 .net "RESET", 0 0, v0x56057bca92d0_0;  alias, 1 drivers
v0x56057bca83a0_0 .net "S_IN", 0 0, v0x56057bca93c0_0;  alias, 1 drivers
v0x56057bca8490_0 .var/i "cont", 31 0;
v0x56057bca8550_0 .net "conver_ON", 0 0, v0x56057bca7d10_0;  1 drivers
S_0x56057bca7890 .scope module, "conv" "maquinadeestados" 5 18, 6 1 0, S_0x56057bca7690;
 .timescale 0 0;
    .port_info 0 /INPUT 1 "CLK";
    .port_info 1 /INPUT 1 "RESET";
    .port_info 2 /INPUT 1 "S_IN";
    .port_info 3 /OUTPUT 1 "conv";
v0x56057bca7ab0_0 .net "CLK", 0 0, v0x56057bca8f90_0;  alias, 1 drivers
v0x56057bca7b70_0 .net "RESET", 0 0, v0x56057bca92d0_0;  alias, 1 drivers
v0x56057bca7c40_0 .net "S_IN", 0 0, v0x56057bca93c0_0;  alias, 1 drivers
v0x56057bca7d10_0 .var "conv", 0 0;
v0x56057bca7db0_0 .var "nxt_state", 7 0;
v0x56057bca7ec0_0 .var "state", 7 0;
E_0x56057bc7cc10 .event edge, v0x56057bca7ec0_0, v0x56057bca7c40_0, v0x56057bc64380_0;
S_0x56057bca8d90 .scope module, "probadorINST" "Probador" 2 27, 7 1 0, S_0x56057bc65a40;
 .timescale 0 0;
    .port_info 0 /INPUT 1 "P_VALID";
    .port_info 1 /INPUT 32 "P_OUT";
    .port_info 2 /INPUT 1 "S_OUT";
    .port_info 3 /OUTPUT 1 "CLK";
    .port_info 4 /OUTPUT 1 "RESET";
    .port_info 5 /OUTPUT 1 "S_IN";
    .port_info 6 /OUTPUT 32 "P_IN";
    .port_info 7 /OUTPUT 1 "S_START";
v0x56057bca8f90_0 .var "CLK", 0 0;
v0x56057bca9030_0 .var "P_IN", 31 0;
v0x56057bca90f0_0 .net "P_OUT", 31 0, v0x56057bca8130_0;  alias, 1 drivers
v0x56057bca91e0_0 .net "P_VALID", 0 0, v0x56057bca8210_0;  alias, 1 drivers
v0x56057bca92d0_0 .var "RESET", 0 0;
v0x56057bca93c0_0 .var "S_IN", 0 0;
v0x56057bca9460_0 .net "S_OUT", 0 0, v0x56057bc64420_0;  alias, 1 drivers
v0x56057bca9500_0 .var "S_START", 0 0;
    .scope S_0x56057bca7890;
T_0 ;
    %wait E_0x56057bc7c310;
    %load/vec4 v0x56057bca7b70_0;
    %inv;
    %flag_set/vec4 8;
    %jmp/0xz  T_0.0, 8;
    %pushi/vec4 1, 0, 8;
    %assign/vec4 v0x56057bca7ec0_0, 0;
    %pushi/vec4 0, 0, 1;
    %store/vec4 v0x56057bca7d10_0, 0, 1;
    %jmp T_0.1;
T_0.0 ;
    %load/vec4 v0x56057bca7db0_0;
    %assign/vec4 v0x56057bca7ec0_0, 0;
    %pushi/vec4 1, 0, 1;
    %assign/vec4 v0x56057bca7d10_0, 0;
T_0.1 ;
    %jmp T_0;
    .thread T_0;
    .scope S_0x56057bca7890;
T_1 ;
    %wait E_0x56057bc7cc10;
    %load/vec4 v0x56057bca7ec0_0;
    %dup/vec4;
    %pushi/vec4 1, 0, 8;
    %cmp/u;
    %jmp/1 T_1.0, 6;
    %dup/vec4;
    %pushi/vec4 2, 0, 8;
    %cmp/u;
    %jmp/1 T_1.1, 6;
    %dup/vec4;
    %pushi/vec4 4, 0, 8;
    %cmp/u;
    %jmp/1 T_1.2, 6;
    %dup/vec4;
    %pushi/vec4 8, 0, 8;
    %cmp/u;
    %jmp/1 T_1.3, 6;
    %dup/vec4;
    %pushi/vec4 16, 0, 8;
    %cmp/u;
    %jmp/1 T_1.4, 6;
    %dup/vec4;
    %pushi/vec4 32, 0, 8;
    %cmp/u;
    %jmp/1 T_1.5, 6;
    %dup/vec4;
    %pushi/vec4 64, 0, 8;
    %cmp/u;
    %jmp/1 T_1.6, 6;
    %dup/vec4;
    %pushi/vec4 128, 0, 8;
    %cmp/u;
    %jmp/1 T_1.7, 6;
    %pushi/vec4 1, 0, 8;
    %store/vec4 v0x56057bca7db0_0, 0, 8;
    %jmp T_1.9;
T_1.0 ;
    %load/vec4 v0x56057bca7c40_0;
    %flag_set/vec4 8;
    %jmp/0xz  T_1.10, 8;
    %pushi/vec4 2, 0, 8;
    %store/vec4 v0x56057bca7db0_0, 0, 8;
    %pushi/vec4 0, 0, 1;
    %store/vec4 v0x56057bca7d10_0, 0, 1;
T_1.10 ;
    %jmp T_1.9;
T_1.1 ;
    %load/vec4 v0x56057bca7c40_0;
    %inv;
    %flag_set/vec4 8;
    %jmp/0xz  T_1.12, 8;
    %pushi/vec4 4, 0, 8;
    %store/vec4 v0x56057bca7db0_0, 0, 8;
    %pushi/vec4 0, 0, 1;
    %store/vec4 v0x56057bca7d10_0, 0, 1;
    %jmp T_1.13;
T_1.12 ;
    %pushi/vec4 2, 0, 8;
    %store/vec4 v0x56057bca7db0_0, 0, 8;
T_1.13 ;
    %jmp T_1.9;
T_1.2 ;
    %load/vec4 v0x56057bca7c40_0;
    %flag_set/vec4 8;
    %jmp/0xz  T_1.14, 8;
    %pushi/vec4 8, 0, 8;
    %store/vec4 v0x56057bca7db0_0, 0, 8;
    %pushi/vec4 0, 0, 1;
    %store/vec4 v0x56057bca7d10_0, 0, 1;
    %jmp T_1.15;
T_1.14 ;
    %pushi/vec4 1, 0, 8;
    %store/vec4 v0x56057bca7db0_0, 0, 8;
T_1.15 ;
    %jmp T_1.9;
T_1.3 ;
    %load/vec4 v0x56057bca7c40_0;
    %flag_set/vec4 8;
    %jmp/0xz  T_1.16, 8;
    %pushi/vec4 16, 0, 8;
    %store/vec4 v0x56057bca7db0_0, 0, 8;
    %pushi/vec4 0, 0, 1;
    %store/vec4 v0x56057bca7d10_0, 0, 1;
    %jmp T_1.17;
T_1.16 ;
    %pushi/vec4 4, 0, 8;
    %store/vec4 v0x56057bca7db0_0, 0, 8;
T_1.17 ;
    %jmp T_1.9;
T_1.4 ;
    %load/vec4 v0x56057bca7c40_0;
    %inv;
    %flag_set/vec4 8;
    %jmp/0xz  T_1.18, 8;
    %pushi/vec4 32, 0, 8;
    %store/vec4 v0x56057bca7db0_0, 0, 8;
    %pushi/vec4 0, 0, 1;
    %store/vec4 v0x56057bca7d10_0, 0, 1;
    %jmp T_1.19;
T_1.18 ;
    %pushi/vec4 2, 0, 8;
    %store/vec4 v0x56057bca7db0_0, 0, 8;
T_1.19 ;
    %jmp T_1.9;
T_1.5 ;
    %load/vec4 v0x56057bca7c40_0;
    %flag_set/vec4 8;
    %jmp/0xz  T_1.20, 8;
    %pushi/vec4 64, 0, 8;
    %store/vec4 v0x56057bca7db0_0, 0, 8;
    %pushi/vec4 0, 0, 1;
    %store/vec4 v0x56057bca7d10_0, 0, 1;
    %jmp T_1.21;
T_1.20 ;
    %pushi/vec4 1, 0, 8;
    %store/vec4 v0x56057bca7db0_0, 0, 8;
T_1.21 ;
    %jmp T_1.9;
T_1.6 ;
    %load/vec4 v0x56057bca7c40_0;
    %inv;
    %flag_set/vec4 8;
    %jmp/0xz  T_1.22, 8;
    %pushi/vec4 128, 0, 8;
    %store/vec4 v0x56057bca7db0_0, 0, 8;
    %pushi/vec4 0, 0, 1;
    %store/vec4 v0x56057bca7d10_0, 0, 1;
    %jmp T_1.23;
T_1.22 ;
    %pushi/vec4 16, 0, 8;
    %store/vec4 v0x56057bca7db0_0, 0, 8;
T_1.23 ;
    %jmp T_1.9;
T_1.7 ;
    %pushi/vec4 1, 0, 1;
    %store/vec4 v0x56057bca7d10_0, 0, 1;
    %load/vec4 v0x56057bca7b70_0;
    %inv;
    %flag_set/vec4 8;
    %jmp/0xz  T_1.24, 8;
    %pushi/vec4 1, 0, 8;
    %store/vec4 v0x56057bca7db0_0, 0, 8;
T_1.24 ;
    %jmp T_1.9;
T_1.9 ;
    %pop/vec4 1;
    %jmp T_1;
    .thread T_1, $push;
    .scope S_0x56057bca7690;
T_2 ;
    %pushi/vec4 32, 0, 32;
    %store/vec4 v0x56057bca8490_0, 0, 32;
    %end;
    .thread T_2;
    .scope S_0x56057bca7690;
T_3 ;
    %wait E_0x56057bc7c310;
    %load/vec4 v0x56057bca82b0_0;
    %pad/u 32;
    %cmpi/e 1, 0, 32;
    %jmp/0xz  T_3.0, 4;
    %load/vec4 v0x56057bca8550_0;
    %pad/u 32;
    %cmpi/e 1, 0, 32;
    %jmp/0xz  T_3.2, 4;
    %load/vec4 v0x56057bca83a0_0;
    %ix/load 5, 0, 0;
    %ix/getv/s 4, v0x56057bca8490_0;
    %assign/vec4/off/d v0x56057bca8130_0, 4, 5;
    %load/vec4 v0x56057bca8490_0;
    %subi 1, 0, 32;
    %assign/vec4 v0x56057bca8490_0, 0;
    %load/vec4 v0x56057bca8490_0;
    %cmpi/ne 0, 0, 32;
    %jmp/0xz  T_3.4, 4;
    %pushi/vec4 0, 0, 1;
    %store/vec4 v0x56057bca8210_0, 0, 1;
    %jmp T_3.5;
T_3.4 ;
    %pushi/vec4 1, 0, 1;
    %assign/vec4 v0x56057bca8210_0, 0;
T_3.5 ;
T_3.2 ;
    %jmp T_3.1;
T_3.0 ;
    %load/vec4 v0x56057bca82b0_0;
    %pad/u 32;
    %cmpi/e 0, 0, 32;
    %jmp/0xz  T_3.6, 4;
    %pushi/vec4 0, 0, 32;
    %store/vec4 v0x56057bca8130_0, 0, 32;
    %pushi/vec4 0, 0, 1;
    %store/vec4 v0x56057bca8210_0, 0, 1;
T_3.6 ;
T_3.1 ;
    %jmp T_3;
    .thread T_3;
    .scope S_0x56057bc78b60;
T_4 ;
    %pushi/vec4 32, 0, 32;
    %store/vec4 v0x56057bca7510_0, 0, 32;
    %end;
    .thread T_4;
    .scope S_0x56057bc78b60;
T_5 ;
    %wait E_0x56057bc7c310;
    %load/vec4 v0x56057bc64380_0;
    %cmpi/e 1, 0, 1;
    %jmp/0xz  T_5.0, 4;
    %load/vec4 v0x56057bca7400_0;
    %cmpi/e 1, 0, 1;
    %jmp/0xz  T_5.2, 4;
    %load/vec4 v0x56057bc42f70_0;
    %load/vec4 v0x56057bca7510_0;
    %part/s 1;
    %assign/vec4 v0x56057bc64420_0, 0;
    %load/vec4 v0x56057bca7510_0;
    %subi 1, 0, 32;
    %assign/vec4 v0x56057bca7510_0, 0;
    %jmp T_5.3;
T_5.2 ;
    %load/vec4 v0x56057bca7400_0;
    %cmpi/e 0, 0, 1;
    %jmp/0xz  T_5.4, 4;
    %load/vec4 v0x56057bc64420_0;
    %assign/vec4 v0x56057bc64420_0, 0;
T_5.4 ;
T_5.3 ;
    %jmp T_5.1;
T_5.0 ;
    %load/vec4 v0x56057bc64380_0;
    %pad/u 32;
    %cmpi/e 0, 0, 32;
    %jmp/0xz  T_5.6, 4;
    %pushi/vec4 0, 0, 1;
    %assign/vec4 v0x56057bc64420_0, 0;
T_5.6 ;
T_5.1 ;
    %jmp T_5;
    .thread T_5;
    .scope S_0x56057bca8d90;
T_6 ;
    %delay 1, 0;
    %pushi/vec4 1, 0, 1;
    %store/vec4 v0x56057bca92d0_0, 0, 1;
    %pushi/vec4 0, 0, 1;
    %store/vec4 v0x56057bca9500_0, 0, 1;
    %delay 2, 0;
    %pushi/vec4 1, 0, 1;
    %store/vec4 v0x56057bca92d0_0, 0, 1;
    %pushi/vec4 1, 0, 1;
    %store/vec4 v0x56057bca9500_0, 0, 1;
    %pushi/vec4 65535, 0, 32;
    %store/vec4 v0x56057bca9030_0, 0, 32;
    %delay 1, 0;
    %pushi/vec4 1, 0, 1;
    %assign/vec4 v0x56057bca93c0_0, 0;
    %delay 1, 0;
    %pushi/vec4 0, 0, 1;
    %assign/vec4 v0x56057bca93c0_0, 0;
    %delay 1, 0;
    %pushi/vec4 1, 0, 1;
    %assign/vec4 v0x56057bca93c0_0, 0;
    %delay 1, 0;
    %pushi/vec4 1, 0, 1;
    %assign/vec4 v0x56057bca93c0_0, 0;
    %delay 1, 0;
    %pushi/vec4 0, 0, 1;
    %assign/vec4 v0x56057bca93c0_0, 0;
    %delay 1, 0;
    %pushi/vec4 1, 0, 1;
    %assign/vec4 v0x56057bca93c0_0, 0;
    %delay 1, 0;
    %pushi/vec4 0, 0, 1;
    %assign/vec4 v0x56057bca93c0_0, 0;
    %delay 1, 0;
    %pushi/vec4 1, 0, 1;
    %assign/vec4 v0x56057bca93c0_0, 0;
    %delay 1, 0;
    %pushi/vec4 1, 0, 1;
    %assign/vec4 v0x56057bca93c0_0, 0;
    %delay 1, 0;
    %pushi/vec4 1, 0, 1;
    %assign/vec4 v0x56057bca93c0_0, 0;
    %delay 1, 0;
    %pushi/vec4 1, 0, 1;
    %assign/vec4 v0x56057bca93c0_0, 0;
    %delay 1, 0;
    %pushi/vec4 1, 0, 1;
    %assign/vec4 v0x56057bca93c0_0, 0;
    %delay 1, 0;
    %pushi/vec4 1, 0, 1;
    %assign/vec4 v0x56057bca93c0_0, 0;
    %delay 1, 0;
    %pushi/vec4 1, 0, 1;
    %assign/vec4 v0x56057bca93c0_0, 0;
    %delay 1, 0;
    %pushi/vec4 1, 0, 1;
    %assign/vec4 v0x56057bca93c0_0, 0;
    %delay 1, 0;
    %pushi/vec4 1, 0, 1;
    %assign/vec4 v0x56057bca93c0_0, 0;
    %delay 1, 0;
    %pushi/vec4 1, 0, 1;
    %assign/vec4 v0x56057bca93c0_0, 0;
    %delay 1, 0;
    %pushi/vec4 1, 0, 1;
    %assign/vec4 v0x56057bca93c0_0, 0;
    %delay 1, 0;
    %pushi/vec4 1, 0, 1;
    %assign/vec4 v0x56057bca93c0_0, 0;
    %delay 1, 0;
    %pushi/vec4 1, 0, 1;
    %store/vec4 v0x56057bca93c0_0, 0, 1;
    %delay 1, 0;
    %pushi/vec4 1, 0, 1;
    %store/vec4 v0x56057bca93c0_0, 0, 1;
    %delay 1, 0;
    %pushi/vec4 1, 0, 1;
    %store/vec4 v0x56057bca93c0_0, 0, 1;
    %delay 1, 0;
    %pushi/vec4 1, 0, 1;
    %store/vec4 v0x56057bca93c0_0, 0, 1;
    %delay 1, 0;
    %pushi/vec4 1, 0, 1;
    %store/vec4 v0x56057bca93c0_0, 0, 1;
    %delay 1, 0;
    %pushi/vec4 1, 0, 1;
    %store/vec4 v0x56057bca93c0_0, 0, 1;
    %delay 1, 0;
    %pushi/vec4 1, 0, 1;
    %store/vec4 v0x56057bca93c0_0, 0, 1;
    %delay 1, 0;
    %pushi/vec4 1, 0, 1;
    %store/vec4 v0x56057bca93c0_0, 0, 1;
    %delay 1, 0;
    %pushi/vec4 1, 0, 1;
    %store/vec4 v0x56057bca93c0_0, 0, 1;
    %delay 1, 0;
    %pushi/vec4 1, 0, 1;
    %store/vec4 v0x56057bca93c0_0, 0, 1;
    %delay 1, 0;
    %pushi/vec4 1, 0, 1;
    %store/vec4 v0x56057bca93c0_0, 0, 1;
    %delay 1, 0;
    %pushi/vec4 1, 0, 1;
    %store/vec4 v0x56057bca93c0_0, 0, 1;
    %delay 1, 0;
    %pushi/vec4 1, 0, 1;
    %store/vec4 v0x56057bca93c0_0, 0, 1;
    %delay 1, 0;
    %pushi/vec4 1, 0, 1;
    %store/vec4 v0x56057bca93c0_0, 0, 1;
    %delay 1, 0;
    %pushi/vec4 1, 0, 1;
    %store/vec4 v0x56057bca93c0_0, 0, 1;
    %delay 1, 0;
    %pushi/vec4 1, 0, 1;
    %store/vec4 v0x56057bca93c0_0, 0, 1;
    %delay 1, 0;
    %pushi/vec4 1, 0, 1;
    %store/vec4 v0x56057bca93c0_0, 0, 1;
    %delay 1, 0;
    %pushi/vec4 1, 0, 1;
    %store/vec4 v0x56057bca93c0_0, 0, 1;
    %delay 1, 0;
    %pushi/vec4 1, 0, 1;
    %store/vec4 v0x56057bca93c0_0, 0, 1;
    %delay 1, 0;
    %pushi/vec4 1, 0, 1;
    %store/vec4 v0x56057bca93c0_0, 0, 1;
    %delay 35, 0;
    %pushi/vec4 0, 0, 1;
    %store/vec4 v0x56057bca92d0_0, 0, 1;
    %delay 10, 0;
    %vpi_call 7 109 "$finish" {0 0 0};
    %end;
    .thread T_6;
    .scope S_0x56057bca8d90;
T_7 ;
    %pushi/vec4 0, 0, 1;
    %assign/vec4 v0x56057bca8f90_0, 0;
    %end;
    .thread T_7;
    .scope S_0x56057bca8d90;
T_8 ;
    %delay 1, 0;
    %load/vec4 v0x56057bca8f90_0;
    %nor/r;
    %assign/vec4 v0x56057bca8f90_0, 0;
    %jmp T_8;
    .thread T_8;
    .scope S_0x56057bc65a40;
T_9 ;
    %vpi_call 2 40 "$dumpfile", "convertidorspps.vcd" {0 0 0};
    %vpi_call 2 41 "$dumpvars" {0 0 0};
    %vpi_call 2 42 "$display", "\011\011\011CLK| RESET| S_IN |     \011P_OUT                            | P_VALID|S_START|     P_IN                             | S_OUT" {0 0 0};
    %vpi_call 2 43 "$display", "\011\011\011---------------------------------------------------------------------------------------------------------------------------" {0 0 0};
    %vpi_call 2 44 "$monitor", $time, "|\011%b |\011%b |\011%b |\011%b |\011%b |\011%b |\011%b |\011%b", v0x56057bca9740_0, v0x56057bca9a00_0, v0x56057bca9aa0_0, v0x56057bca98c0_0, v0x56057bca9960_0, v0x56057bca9be0_0, v0x56057bca9800_0, v0x56057bca9b40_0 {0 0 0};
    %end;
    .thread T_9;
# The file index is used to find the file name in the following table.
:file_names 8;
    "N/A";
    "<interactive>";
    "testbench.v";
    "./convertidor_sp_ps.v";
    "./paraleloaserie.v";
    "./serieaparalelo.v";
    "./maquina.v";
    "./tester.v";
