#! /usr/bin/vvp
:ivl_version "11.0 (stable)";
:ivl_delay_selection "TYPICAL";
:vpi_time_precision + 0;
:vpi_module "/usr/lib/x86_64-linux-gnu/ivl/system.vpi";
:vpi_module "/usr/lib/x86_64-linux-gnu/ivl/vhdl_sys.vpi";
:vpi_module "/usr/lib/x86_64-linux-gnu/ivl/vhdl_textio.vpi";
:vpi_module "/usr/lib/x86_64-linux-gnu/ivl/v2005_math.vpi";
:vpi_module "/usr/lib/x86_64-linux-gnu/ivl/va_math.vpi";
S_0x556a9419bcf0 .scope module, "testbench" "testbench" 2 6;
 .timescale 0 0;
v0x556a942039b0_0 .net "D", 3 0, v0x556a94203050_0;  1 drivers
v0x556a94203a90_0 .net "DIR", 0 0, v0x556a94203160_0;  1 drivers
v0x556a94203b50_0 .net "ENB", 0 0, v0x556a94203270_0;  1 drivers
v0x556a94203bf0_0 .net "MODO", 1 0, v0x556a94203360_0;  1 drivers
v0x556a94203c90_0 .net "Q", 3 0, v0x556a942021c0_0;  1 drivers
v0x556a94203d30_0 .net "S_IN", 0 0, v0x556a94203590_0;  1 drivers
v0x556a94203dd0_0 .net "S_OUT", 0 0, v0x556a942023b0_0;  1 drivers
v0x556a94203e70_0 .net "clk", 0 0, v0x556a94203770_0;  1 drivers
S_0x556a9419be80 .scope module, "Shiftregister" "DUT" 2 17, 3 2 0, S_0x556a9419bcf0;
 .timescale 0 0;
    .port_info 0 /OUTPUT 1 "S_OUT";
    .port_info 1 /INPUT 1 "clk";
    .port_info 2 /INPUT 1 "ENB";
    .port_info 3 /INPUT 1 "DIR";
    .port_info 4 /INPUT 1 "S_IN";
    .port_info 5 /INPUT 2 "MODO";
    .port_info 6 /INPUT 4 "D";
    .port_info 7 /OUTPUT 4 "Q";
v0x556a94202680_0 .net "D", 3 0, v0x556a94203050_0;  alias, 1 drivers
v0x556a94202760_0 .net "DIR", 0 0, v0x556a94203160_0;  alias, 1 drivers
v0x556a94202830_0 .net "ENB", 0 0, v0x556a94203270_0;  alias, 1 drivers
v0x556a94202930_0 .net "MODO", 1 0, v0x556a94203360_0;  alias, 1 drivers
v0x556a94202a00_0 .net "Q", 3 0, v0x556a942021c0_0;  alias, 1 drivers
v0x556a94202aa0_0 .net "S_IN", 0 0, v0x556a94203590_0;  alias, 1 drivers
v0x556a94202b70_0 .net "S_OUT", 0 0, v0x556a942023b0_0;  alias, 1 drivers
v0x556a94202c40_0 .net "clk", 0 0, v0x556a94203770_0;  alias, 1 drivers
S_0x556a941dcba0 .scope module, "inst1" "registrodesplazable" 3 14, 4 4 0, S_0x556a9419be80;
 .timescale 0 0;
    .port_info 0 /OUTPUT 1 "S_OUT";
    .port_info 1 /INPUT 1 "clk";
    .port_info 2 /INPUT 1 "ENB";
    .port_info 3 /INPUT 1 "DIR";
    .port_info 4 /INPUT 1 "S_IN";
    .port_info 5 /INPUT 2 "MODO";
    .port_info 6 /INPUT 4 "D";
    .port_info 7 /OUTPUT 4 "Q";
v0x556a9419d830_0 .net "D", 3 0, v0x556a94203050_0;  alias, 1 drivers
v0x556a9419e190_0 .net "DIR", 0 0, v0x556a94203160_0;  alias, 1 drivers
v0x556a9419df30_0 .net "ENB", 0 0, v0x556a94203270_0;  alias, 1 drivers
v0x556a942020e0_0 .net "MODO", 1 0, v0x556a94203360_0;  alias, 1 drivers
v0x556a942021c0_0 .var "Q", 3 0;
v0x556a942022f0_0 .net "S_IN", 0 0, v0x556a94203590_0;  alias, 1 drivers
v0x556a942023b0_0 .var "S_OUT", 0 0;
v0x556a94202470_0 .net "clk", 0 0, v0x556a94203770_0;  alias, 1 drivers
E_0x556a941e6a90 .event posedge, v0x556a94202470_0;
S_0x556a94202d80 .scope module, "Tester" "Probador" 2 28, 5 1 0, S_0x556a9419bcf0;
 .timescale 0 0;
    .port_info 0 /INPUT 1 "S_OUT";
    .port_info 1 /OUTPUT 1 "clk";
    .port_info 2 /OUTPUT 1 "ENB";
    .port_info 3 /OUTPUT 1 "DIR";
    .port_info 4 /OUTPUT 1 "S_IN";
    .port_info 5 /OUTPUT 2 "MODO";
    .port_info 6 /OUTPUT 4 "D";
    .port_info 7 /INPUT 4 "Q";
v0x556a94203050_0 .var "D", 3 0;
v0x556a94203160_0 .var "DIR", 0 0;
v0x556a94203270_0 .var "ENB", 0 0;
v0x556a94203360_0 .var "MODO", 1 0;
v0x556a94203450_0 .net "Q", 3 0, v0x556a942021c0_0;  alias, 1 drivers
v0x556a94203590_0 .var "S_IN", 0 0;
v0x556a94203680_0 .net "S_OUT", 0 0, v0x556a942023b0_0;  alias, 1 drivers
v0x556a94203770_0 .var "clk", 0 0;
    .scope S_0x556a941dcba0;
T_0 ;
    %wait E_0x556a941e6a90;
    %load/vec4 v0x556a9419df30_0;
    %cmpi/e 1, 0, 1;
    %jmp/0xz  T_0.0, 4;
    %load/vec4 v0x556a9419e190_0;
    %cmpi/e 0, 0, 1;
    %jmp/0xz  T_0.2, 4;
    %load/vec4 v0x556a9419d830_0;
    %assign/vec4 v0x556a942021c0_0, 0;
    %pushi/vec4 0, 0, 1;
    %assign/vec4 v0x556a942023b0_0, 0;
    %load/vec4 v0x556a942020e0_0;
    %dup/vec4;
    %pushi/vec4 0, 0, 2;
    %cmp/u;
    %jmp/1 T_0.4, 6;
    %dup/vec4;
    %pushi/vec4 1, 0, 2;
    %cmp/u;
    %jmp/1 T_0.5, 6;
    %dup/vec4;
    %pushi/vec4 2, 0, 2;
    %cmp/u;
    %jmp/1 T_0.6, 6;
    %load/vec4 v0x556a942021c0_0;
    %assign/vec4 v0x556a942021c0_0, 0;
    %jmp T_0.8;
T_0.4 ;
    %load/vec4 v0x556a942021c0_0;
    %parti/s 1, 3, 3;
    %assign/vec4 v0x556a942023b0_0, 0;
    %load/vec4 v0x556a942021c0_0;
    %parti/s 3, 0, 2;
    %load/vec4 v0x556a942022f0_0;
    %concat/vec4; draw_concat_vec4
    %assign/vec4 v0x556a942021c0_0, 0;
    %jmp T_0.8;
T_0.5 ;
    %load/vec4 v0x556a942021c0_0;
    %parti/s 3, 0, 2;
    %load/vec4 v0x556a942021c0_0;
    %parti/s 1, 3, 3;
    %concat/vec4; draw_concat_vec4
    %assign/vec4 v0x556a942021c0_0, 0;
    %load/vec4 v0x556a942021c0_0;
    %parti/s 1, 3, 3;
    %assign/vec4 v0x556a942023b0_0, 0;
    %jmp T_0.8;
T_0.6 ;
    %load/vec4 v0x556a9419d830_0;
    %assign/vec4 v0x556a942021c0_0, 0;
    %jmp T_0.8;
T_0.8 ;
    %pop/vec4 1;
    %jmp T_0.3;
T_0.2 ;
    %load/vec4 v0x556a9419e190_0;
    %cmpi/e 1, 0, 1;
    %jmp/0xz  T_0.9, 4;
    %load/vec4 v0x556a942020e0_0;
    %dup/vec4;
    %pushi/vec4 0, 0, 2;
    %cmp/u;
    %jmp/1 T_0.11, 6;
    %dup/vec4;
    %pushi/vec4 1, 0, 2;
    %cmp/u;
    %jmp/1 T_0.12, 6;
    %dup/vec4;
    %pushi/vec4 2, 0, 2;
    %cmp/u;
    %jmp/1 T_0.13, 6;
    %load/vec4 v0x556a942021c0_0;
    %assign/vec4 v0x556a942021c0_0, 0;
    %jmp T_0.15;
T_0.11 ;
    %load/vec4 v0x556a942022f0_0;
    %load/vec4 v0x556a942021c0_0;
    %parti/s 3, 1, 2;
    %concat/vec4; draw_concat_vec4
    %assign/vec4 v0x556a942021c0_0, 0;
    %load/vec4 v0x556a942021c0_0;
    %parti/s 1, 0, 2;
    %assign/vec4 v0x556a942023b0_0, 0;
    %jmp T_0.15;
T_0.12 ;
    %load/vec4 v0x556a942021c0_0;
    %parti/s 1, 0, 2;
    %load/vec4 v0x556a942021c0_0;
    %parti/s 3, 1, 2;
    %concat/vec4; draw_concat_vec4
    %assign/vec4 v0x556a942021c0_0, 0;
    %load/vec4 v0x556a942021c0_0;
    %parti/s 1, 0, 2;
    %assign/vec4 v0x556a942023b0_0, 0;
    %jmp T_0.15;
T_0.13 ;
    %load/vec4 v0x556a9419d830_0;
    %assign/vec4 v0x556a942021c0_0, 0;
    %jmp T_0.15;
T_0.15 ;
    %pop/vec4 1;
T_0.9 ;
T_0.3 ;
    %jmp T_0.1;
T_0.0 ;
    %load/vec4 v0x556a9419d830_0;
    %assign/vec4 v0x556a942021c0_0, 0;
T_0.1 ;
    %jmp T_0;
    .thread T_0;
    .scope S_0x556a94202d80;
T_1 ;
    %pushi/vec4 0, 0, 1;
    %assign/vec4 v0x556a94203770_0, 0;
    %end;
    .thread T_1;
    .scope S_0x556a94202d80;
T_2 ;
    %delay 1, 0;
    %load/vec4 v0x556a94203770_0;
    %nor/r;
    %assign/vec4 v0x556a94203770_0, 0;
    %jmp T_2;
    .thread T_2;
    .scope S_0x556a94202d80;
T_3 ;
    %vpi_call 5 21 "$dumpfile", "testregistro.vcd" {0 0 0};
    %vpi_call 5 22 "$dumpvars", 32'sb00000000000000000000000000000000, S_0x556a9419bcf0 {0 0 0};
    %vpi_call 5 23 "$display", "\011\011------------------------------------------" {0 0 0};
    %vpi_call 5 24 "$display", "\011\011Time| clk |  DIR  |  S_IN |  MODO  | S_OUT" {0 0 0};
    %vpi_call 5 25 "$display", "\011\011------------------------------------------" {0 0 0};
    %vpi_call 5 26 "$monitor", $time, "|\011%b |\011%b |\011%b |\011%b |\011%b ", v0x556a94203770_0, v0x556a94203160_0, v0x556a94203590_0, v0x556a94203360_0, v0x556a94203680_0 {0 0 0};
    %pushi/vec4 1, 0, 1;
    %assign/vec4 v0x556a94203770_0, 0;
    %pushi/vec4 0, 0, 1;
    %store/vec4 v0x556a94203270_0, 0, 1;
    %delay 2, 0;
    %pushi/vec4 1, 0, 1;
    %store/vec4 v0x556a94203270_0, 0, 1;
    %pushi/vec4 0, 0, 4;
    %store/vec4 v0x556a94203050_0, 0, 4;
    %pushi/vec4 2, 0, 2;
    %store/vec4 v0x556a94203360_0, 0, 2;
    %pushi/vec4 0, 0, 1;
    %store/vec4 v0x556a94203160_0, 0, 1;
    %pushi/vec4 1, 0, 1;
    %store/vec4 v0x556a94203590_0, 0, 1;
    %delay 2, 0;
    %pushi/vec4 0, 0, 2;
    %store/vec4 v0x556a94203360_0, 0, 2;
    %delay 15, 0;
    %pushi/vec4 0, 0, 1;
    %store/vec4 v0x556a94203270_0, 0, 1;
    %pushi/vec4 0, 0, 1;
    %store/vec4 v0x556a94203590_0, 0, 1;
    %pushi/vec4 2, 0, 2;
    %store/vec4 v0x556a94203360_0, 0, 2;
    %delay 2, 0;
    %pushi/vec4 1, 0, 1;
    %store/vec4 v0x556a94203270_0, 0, 1;
    %pushi/vec4 2, 2, 4;
    %store/vec4 v0x556a94203050_0, 0, 4;
    %pushi/vec4 1, 0, 1;
    %store/vec4 v0x556a94203160_0, 0, 1;
    %pushi/vec4 1, 0, 1;
    %store/vec4 v0x556a94203590_0, 0, 1;
    %delay 2, 0;
    %pushi/vec4 0, 0, 2;
    %store/vec4 v0x556a94203360_0, 0, 2;
    %delay 15, 0;
    %pushi/vec4 2, 0, 2;
    %store/vec4 v0x556a94203360_0, 0, 2;
    %delay 2, 0;
    %pushi/vec4 1, 0, 1;
    %store/vec4 v0x556a94203270_0, 0, 1;
    %pushi/vec4 10, 0, 4;
    %store/vec4 v0x556a94203050_0, 0, 4;
    %pushi/vec4 0, 0, 1;
    %store/vec4 v0x556a94203160_0, 0, 1;
    %pushi/vec4 1, 0, 1;
    %store/vec4 v0x556a94203590_0, 0, 1;
    %delay 2, 0;
    %pushi/vec4 1, 0, 2;
    %store/vec4 v0x556a94203360_0, 0, 2;
    %delay 15, 0;
    %pushi/vec4 0, 0, 1;
    %store/vec4 v0x556a94203270_0, 0, 1;
    %pushi/vec4 0, 0, 1;
    %store/vec4 v0x556a94203590_0, 0, 1;
    %pushi/vec4 2, 0, 2;
    %store/vec4 v0x556a94203360_0, 0, 2;
    %delay 2, 0;
    %pushi/vec4 1, 0, 1;
    %store/vec4 v0x556a94203270_0, 0, 1;
    %pushi/vec4 1, 0, 4;
    %store/vec4 v0x556a94203050_0, 0, 4;
    %pushi/vec4 0, 0, 1;
    %store/vec4 v0x556a94203160_0, 0, 1;
    %pushi/vec4 1, 0, 1;
    %store/vec4 v0x556a94203590_0, 0, 1;
    %delay 2, 0;
    %pushi/vec4 1, 0, 2;
    %store/vec4 v0x556a94203360_0, 0, 2;
    %delay 15, 0;
    %pushi/vec4 0, 0, 1;
    %store/vec4 v0x556a94203270_0, 0, 1;
    %pushi/vec4 0, 0, 1;
    %store/vec4 v0x556a94203590_0, 0, 1;
    %pushi/vec4 2, 0, 2;
    %store/vec4 v0x556a94203360_0, 0, 2;
    %delay 2, 0;
    %pushi/vec4 1, 0, 1;
    %store/vec4 v0x556a94203270_0, 0, 1;
    %pushi/vec4 9, 0, 4;
    %store/vec4 v0x556a94203050_0, 0, 4;
    %pushi/vec4 0, 0, 1;
    %store/vec4 v0x556a94203160_0, 0, 1;
    %pushi/vec4 1, 0, 1;
    %store/vec4 v0x556a94203590_0, 0, 1;
    %delay 15, 0;
    %vpi_call 5 88 "$finish" {0 0 0};
    %end;
    .thread T_3;
# The file index is used to find the file name in the following table.
:file_names 6;
    "N/A";
    "<interactive>";
    "testbench.v";
    "./DUT.v";
    "./registrofinal.v";
    "./tester.v";
